app/build/outputs/logs/manifest-merger-debug-report.txt
-- Merging decision tree log ---
manifest
ADDED from src\main\AndroidManifest.xml:2:1-256:12
	package
		ADDED from src\main\AndroidManifest.xml:3:5-33
		INJECTED from src\main\AndroidManifest.xml
		INJECTED from src\main\AndroidManifest.xml
	android:versionName
		INJECTED from src\main\AndroidManifest.xml
		INJECTED from src\main\AndroidManifest.xml
	xmlns:android
		ADDED from src\main\AndroidManifest.xml:2:11-69
	android:versionCode
		INJECTED from src\main\AndroidManifest.xml
		INJECTED from src\main\AndroidManifest.xml
uses-permission#android.permission.ACCESS_WIFI_STATE
ADDED from src\main\AndroidManifest.xml:5:5-76
	android:name
		ADDED from src\main\AndroidManifest.xml:5:22-73
uses-permission#android.permission.INTERNET
ADDED from src\main\AndroidManifest.xml:6:5-67
	android:name
		ADDED from src\main\AndroidManifest.xml:6:22-64
uses-permission#android.permission.VIBRATE
ADDED from src\main\AndroidManifest.xml:7:5-66
	android:name
		ADDED from src\main\AndroidManifest.xml:7:22-63
uses-permission#android.permission.GET_ACCOUNTS
ADDED from src\main\AndroidManifest.xml:8:5-71
	android:name
		ADDED from src\main\AndroidManifest.xml:8:22-68
uses-permission#android.permission.READ_PROFILE
ADDED from src\main\AndroidManifest.xml:9:5-71
	android:name
		ADDED from src\main\AndroidManifest.xml:9:22-68
uses-permission#android.permission.READ_CONTACTS
ADDED from src\main\AndroidManifest.xml:10:5-72
	android:name
		ADDED from src\main\AndroidManifest.xml:10:22-69
uses-permission#android.permission.WRITE_EXTERNAL_STORAGE
ADDED from src\main\AndroidManifest.xml:11:5-81
	android:name
		ADDED from src\main\AndroidManifest.xml:11:22-78
uses-permission#android.permission.ACCESS_COARSE_LOCATION
ADDED from src\main\AndroidManifest.xml:14:5-81
	android:name
		ADDED from src\main\AndroidManifest.xml:14:22-78
uses-permission#android.permission.ACCESS_FINE_LOCATION
ADDED from src\main\AndroidManifest.xml:16:5-79
	android:name
		ADDED from src\main\AndroidManifest.xml:16:22-76
uses-permission#android.permission.ACCESS_NETWORK_STATE
ADDED from src\main\AndroidManifest.xml:20:5-79
	android:name
		ADDED from src\main\AndroidManifest.xml:20:22-76
uses-permission#android.permission.CHANGE_WIFI_STATE
ADDED from src\main\AndroidManifest.xml:22:5-76
	android:name
		ADDED from src\main\AndroidManifest.xml:22:22-73
uses-permission#android.permission.READ_PHONE_STATE
ADDED from src\main\AndroidManifest.xml:24:5-75
	android:name
		ADDED from src\main\AndroidManifest.xml:24:22-72
uses-permission#android.permission.MOUNT_UNMOUNT_FILESYSTEMS
ADDED from src\main\AndroidManifest.xml:30:5-84
	android:name
		ADDED from src\main\AndroidManifest.xml:30:22-81
application
ADDED from src\main\AndroidManifest.xml:32:5-254:19
MERGED from [com.android.support:appcompat-v7:22.2.1] AndroidManifest.xml:22:5-20
MERGED from [com.android.support:support-v4:22.2.1] AndroidManifest.xml:22:5-20
MERGED from [com.android.support:support-v4:22.2.1] AndroidManifest.xml:22:5-20
MERGED from [com.android.support:cardview-v7:22.2.1] AndroidManifest.xml:22:5-20
MERGED from [com.android.support:design:22.2.1] AndroidManifest.xml:22:5-20
MERGED from [com.android.support:appcompat-v7:22.2.1] AndroidManifest.xml:22:5-20
MERGED from [com.android.support:support-v4:22.2.1] AndroidManifest.xml:22:5-20
MERGED from [com.android.support:support-v4:22.2.1] AndroidManifest.xml:22:5-20
MERGED from [com.android.support:support-v4:22.2.1] AndroidManifest.xml:22:5-20
	android:label
		ADDED from src\main\AndroidManifest.xml:36:9-41
	android:supportsRtl
		ADDED from src\main\AndroidManifest.xml:37:9-35
	android:allowBackup
		ADDED from src\main\AndroidManifest.xml:34:9-35
	android:icon
		ADDED from src\main\AndroidManifest.xml:35:9-36
	android:theme
		ADDED from src\main\AndroidManifest.xml:38:9-40
	android:name
		ADDED from src\main\AndroidManifest.xml:33:9-56
meta-data#com.baidu.lbsapi.API_KEY
ADDED from src\main\AndroidManifest.xml:41:9-43:64
	android:value
		ADDED from src\main\AndroidManifest.xml:43:13-61
	android:name
		ADDED from src\main\AndroidManifest.xml:42:13-52
service#com.zxiaofan.yunyi.update.service.UpdateService
ADDED from src\main\AndroidManifest.xml:45:9-83
	android:name
		ADDED from src\main\AndroidManifest.xml:45:18-80
service#com.baidu.location.f
ADDED from src\main\AndroidManifest.xml:46:9-49:41
	android:enabled
		ADDED from src\main\AndroidManifest.xml:48:13-35
	android:process
		ADDED from src\main\AndroidManifest.xml:49:13-38
	android:name
		ADDED from src\main\AndroidManifest.xml:47:13-48
activity#com.zxiaofan.yunyi.activity.MainActivity
ADDED from src\main\AndroidManifest.xml:51:9-57:57
	android:screenOrientation
		ADDED from src\main\AndroidManifest.xml:55:13-49
	android:label
		ADDED from src\main\AndroidManifest.xml:54:13-45
	android:windowSoftInputMode
		ADDED from src\main\AndroidManifest.xml:57:13-54
	android:configChanges
		ADDED from src\main\AndroidManifest.xml:53:13-63
	android:theme
		ADDED from src\main\AndroidManifest.xml:56:13-44
	android:name
		ADDED from src\main\AndroidManifest.xml:52:13-68
activity#com.zxiaofan.yunyi.activity.WelcomeGuideActivity
ADDED from src\main\AndroidManifest.xml:58:9-68:20
	android:screenOrientation
		ADDED from src\main\AndroidManifest.xml:62:13-49
	android:launchMode
		ADDED from src\main\AndroidManifest.xml:61:13-44
	android:configChanges
		ADDED from src\main\AndroidManifest.xml:60:13-63
	android:name
		ADDED from src\main\AndroidManifest.xml:59:13-76
intent-filter#android.intent.action.MAIN+android.intent.category.LAUNCHER
ADDED from src\main\AndroidManifest.xml:63:13-67:29
action#android.intent.action.MAIN
ADDED from src\main\AndroidManifest.xml:64:17-69
	android:name
		ADDED from src\main\AndroidManifest.xml:64:25-66
category#android.intent.category.LAUNCHER
ADDED from src\main\AndroidManifest.xml:66:17-77
	android:name
		ADDED from src\main\AndroidManifest.xml:66:27-74
activity#com.zxiaofan.yunyi.login.LoginActivity
ADDED from src\main\AndroidManifest.xml:69:9-72:52
	android:screenOrientation
		ADDED from src\main\AndroidManifest.xml:72:13-49
	android:configChanges
		ADDED from src\main\AndroidManifest.xml:71:13-63
	android:name
		ADDED from src\main\AndroidManifest.xml:70:13-66
activity#com.zxiaofan.yunyi.activity.FindDocActivity
ADDED from src\main\AndroidManifest.xml:73:9-76:52
	android:screenOrientation
		ADDED from src\main\AndroidManifest.xml:76:13-49
	android:configChanges
		ADDED from src\main\AndroidManifest.xml:75:13-63
	android:name
		ADDED from src\main\AndroidManifest.xml:74:13-71
activity#com.zxiaofan.yunyi.login.RegisterActivity
ADDED from src\main\AndroidManifest.xml:77:9-80:52
	android:screenOrientation
		ADDED from src\main\AndroidManifest.xml:80:13-49
	android:configChanges
		ADDED from src\main\AndroidManifest.xml:79:13-63
	android:name
		ADDED from src\main\AndroidManifest.xml:78:13-69
activity#com.zxiaofan.yunyi.activity.FindHospitalActivity
ADDED from src\main\AndroidManifest.xml:81:9-84:52
	android:screenOrientation
		ADDED from src\main\AndroidManifest.xml:84:13-49
	android:configChanges
		ADDED from src\main\AndroidManifest.xml:83:13-63
	android:name
		ADDED from src\main\AndroidManifest.xml:82:13-76
activity#com.zxiaofan.yunyi.activity.DrugPriceActivity
ADDED from src\main\AndroidManifest.xml:85:9-88:52
	android:screenOrientation
		ADDED from src\main\AndroidManifest.xml:88:13-49
	android:configChanges
		ADDED from src\main\AndroidManifest.xml:87:13-63
	android:name
		ADDED from src\main\AndroidManifest.xml:86:13-73
activity#com.zxiaofan.yunyi.activity.JBZZActivity
ADDED from src\main\AndroidManifest.xml:89:9-92:52
	android:screenOrientation
		ADDED from src\main\AndroidManifest.xml:92:13-49
	android:configChanges
		ADDED from src\main\AndroidManifest.xml:91:13-63
	android:name
		ADDED from src\main\AndroidManifest.xml:90:13-68
activity#com.zxiaofan.yunyi.hospital.TrackingStationActivity
ADDED from src\main\AndroidManifest.xml:93:9-96:52
	android:screenOrientation
		ADDED from src\main\AndroidManifest.xml:96:13-49
	android:configChanges
		ADDED from src\main\AndroidManifest.xml:95:13-63
	android:name
		ADDED from src\main\AndroidManifest.xml:94:13-79
activity#com.zxiaofan.yunyi.hospital.PriceSearchActivity
ADDED from src\main\AndroidManifest.xml:97:9-100:52
	android:screenOrientation
		ADDED from src\main\AndroidManifest.xml:100:13-49
	android:configChanges
		ADDED from src\main\AndroidManifest.xml:99:13-63
	android:name
		ADDED from src\main\AndroidManifest.xml:98:13-75
activity#com.zxiaofan.yunyi.hospital.MedicalNavigationActivity
ADDED from src\main\AndroidManifest.xml:101:9-104:52
	android:screenOrientation
		ADDED from src\main\AndroidManifest.xml:104:13-49
	android:configChanges
		ADDED from src\main\AndroidManifest.xml:103:13-63
	android:name
		ADDED from src\main\AndroidManifest.xml:102:13-81
activity#com.zxiaofan.yunyi.hospital.HospitalNavigationActivity
ADDED from src\main\AndroidManifest.xml:105:9-108:52
	android:screenOrientation
		ADDED from src\main\AndroidManifest.xml:108:13-49
	android:configChanges
		ADDED from src\main\AndroidManifest.xml:107:13-63
	android:name
		ADDED from src\main\AndroidManifest.xml:106:13-82
activity#com.zxiaofan.yunyi.User.PersonalInformationActivity
ADDED from src\main\AndroidManifest.xml:109:9-112:52
	android:screenOrientation
		ADDED from src\main\AndroidManifest.xml:112:13-49
	android:configChanges
		ADDED from src\main\AndroidManifest.xml:111:13-63
	android:name
		ADDED from src\main\AndroidManifest.xml:110:13-79
activity#com.zxiaofan.yunyi.hospital.ExpertIntroductionActivity
ADDED from src\main\AndroidManifest.xml:113:9-116:52
	android:screenOrientation
		ADDED from src\main\AndroidManifest.xml:116:13-49
	android:configChanges
		ADDED from src\main\AndroidManifest.xml:115:13-63
	android:name
		ADDED from src\main\AndroidManifest.xml:114:13-82
activity#com.zxiaofan.yunyi.hospital.SpecialDepartmentActivity
ADDED from src\main\AndroidManifest.xml:117:9-120:52
	android:screenOrientation
		ADDED from src\main\AndroidManifest.xml:120:13-49
	android:configChanges
		ADDED from src\main\AndroidManifest.xml:119:13-63
	android:name
		ADDED from src\main\AndroidManifest.xml:118:13-81
activity#com.zxiaofan.yunyi.registered.RegisteredMain
ADDED from src\main\AndroidManifest.xml:121:9-124:52
	android:screenOrientation
		ADDED from src\main\AndroidManifest.xml:124:13-49
	android:configChanges
		ADDED from src\main\AndroidManifest.xml:123:13-63
	android:name
		ADDED from src\main\AndroidManifest.xml:122:13-72
activity#com.zxiaofan.yunyi.registered.MyOutpatients
ADDED from src\main\AndroidManifest.xml:125:9-128:52
	android:screenOrientation
		ADDED from src\main\AndroidManifest.xml:128:13-49
	android:configChanges
		ADDED from src\main\AndroidManifest.xml:127:13-63
	android:name
		ADDED from src\main\AndroidManifest.xml:126:13-71
activity#com.zxiaofan.yunyi.registered.RegisteredDetail
ADDED from src\main\AndroidManifest.xml:129:9-132:52
	android:screenOrientation
		ADDED from src\main\AndroidManifest.xml:132:13-49
	android:configChanges
		ADDED from src\main\AndroidManifest.xml:131:13-63
	android:name
		ADDED from src\main\AndroidManifest.xml:130:13-74
activity#com.zxiaofan.yunyi.registered.RegisteredHistory
ADDED from src\main\AndroidManifest.xml:133:9-136:52
	android:screenOrientation
		ADDED from src\main\AndroidManifest.xml:136:13-49
	android:configChanges
		ADDED from src\main\AndroidManifest.xml:135:13-63
	android:name
		ADDED from src\main\AndroidManifest.xml:134:13-75
activity#com.zxiaofan.yunyi.registered.DepartmentRegistered
ADDED from src\main\AndroidManifest.xml:137:9-140:52
	android:screenOrientation
		ADDED from src\main\AndroidManifest.xml:140:13-49
	android:configChanges
		ADDED from src\main\AndroidManifest.xml:139:13-63
	android:name
		ADDED from src\main\AndroidManifest.xml:138:13-78
activity#com.zxiaofan.yunyi.User.UnreadMessagesActivity
ADDED from src\main\AndroidManifest.xml:141:9-144:52
	android:screenOrientation
		ADDED from src\main\AndroidManifest.xml:144:13-49
	android:configChanges
		ADDED from src\main\AndroidManifest.xml:143:13-63
	android:name
		ADDED from src\main\AndroidManifest.xml:142:13-74
activity#com.zxiaofan.yunyi.registered.DealDetail
ADDED from src\main\AndroidManifest.xml:145:9-148:52
	android:screenOrientation
		ADDED from src\main\AndroidManifest.xml:148:13-49
	android:configChanges
		ADDED from src\main\AndroidManifest.xml:147:13-63
	android:name
		ADDED from src\main\AndroidManifest.xml:146:13-68
activity#com.zxiaofan.yunyi.findDoc.FindDocDetail
ADDED from src\main\AndroidManifest.xml:149:9-152:52
	android:screenOrientation
		ADDED from src\main\AndroidManifest.xml:152:13-49
	android:configChanges
		ADDED from src\main\AndroidManifest.xml:151:13-63
	android:name
		ADDED from src\main\AndroidManifest.xml:150:13-68
activity#com.zxiaofan.yunyi.User.PersonalDetail
ADDED from src\main\AndroidManifest.xml:153:9-156:52
	android:screenOrientation
		ADDED from src\main\AndroidManifest.xml:156:13-49
	android:configChanges
		ADDED from src\main\AndroidManifest.xml:155:13-63
	android:name
		ADDED from src\main\AndroidManifest.xml:154:13-66
activity#com.zxiaofan.yunyi.User.MyDocCard
ADDED from src\main\AndroidManifest.xml:157:9-160:52
	android:screenOrientation
		ADDED from src\main\AndroidManifest.xml:160:13-49
	android:configChanges
		ADDED from src\main\AndroidManifest.xml:159:13-63
	android:name
		ADDED from src\main\AndroidManifest.xml:158:13-61
activity#com.zxiaofan.yunyi.record.SeeDocDetail
ADDED from src\main\AndroidManifest.xml:161:9-164:52
	android:screenOrientation
		ADDED from src\main\AndroidManifest.xml:164:13-49
	android:configChanges
		ADDED from src\main\AndroidManifest.xml:163:13-63
	android:name
		ADDED from src\main\AndroidManifest.xml:162:13-66
activity#com.zxiaofan.yunyi.record.ReportQuery
ADDED from src\main\AndroidManifest.xml:165:9-168:52
	android:screenOrientation
		ADDED from src\main\AndroidManifest.xml:168:13-49
	android:configChanges
		ADDED from src\main\AndroidManifest.xml:167:13-63
	android:name
		ADDED from src\main\AndroidManifest.xml:166:13-65
activity#com.zxiaofan.yunyi.User.FeedBackActivity
ADDED from src\main\AndroidManifest.xml:169:9-172:52
	android:screenOrientation
		ADDED from src\main\AndroidManifest.xml:172:13-49
	android:configChanges
		ADDED from src\main\AndroidManifest.xml:171:13-63
	android:name
		ADDED from src\main\AndroidManifest.xml:170:13-68
activity#com.zxiaofan.yunyi.User.ChangePasswordActivity
ADDED from src\main\AndroidManifest.xml:173:9-176:52
	android:screenOrientation
		ADDED from src\main\AndroidManifest.xml:176:13-49
	android:configChanges
		ADDED from src\main\AndroidManifest.xml:175:13-63
	android:name
		ADDED from src\main\AndroidManifest.xml:174:13-74
activity#com.zxiaofan.yunyi.record.OutpatientPrescriptionsActivity
ADDED from src\main\AndroidManifest.xml:177:9-180:52
	android:screenOrientation
		ADDED from src\main\AndroidManifest.xml:180:13-49
	android:configChanges
		ADDED from src\main\AndroidManifest.xml:179:13-63
	android:name
		ADDED from src\main\AndroidManifest.xml:178:13-85
activity#com.zxiaofan.yunyi.record.MedicalExpensesActivity
ADDED from src\main\AndroidManifest.xml:181:9-184:52
	android:screenOrientation
		ADDED from src\main\AndroidManifest.xml:184:13-49
	android:configChanges
		ADDED from src\main\AndroidManifest.xml:183:13-63
	android:name
		ADDED from src\main\AndroidManifest.xml:182:13-77
activity#com.zxiaofan.yunyi.User.MyUserActivity
ADDED from src\main\AndroidManifest.xml:185:9-188:52
	android:screenOrientation
		ADDED from src\main\AndroidManifest.xml:188:13-49
	android:configChanges
		ADDED from src\main\AndroidManifest.xml:187:13-63
	android:name
		ADDED from src\main\AndroidManifest.xml:186:13-66
activity#com.zxiaofan.yunyi.User.AddUserActivity
ADDED from src\main\AndroidManifest.xml:189:9-192:52
	android:screenOrientation
		ADDED from src\main\AndroidManifest.xml:192:13-49
	android:configChanges
		ADDED from src\main\AndroidManifest.xml:191:13-63
	android:name
		ADDED from src\main\AndroidManifest.xml:190:13-67
activity#com.zxiaofan.yunyi.User.EditUserActivity
ADDED from src\main\AndroidManifest.xml:193:9-196:52
	android:screenOrientation
		ADDED from src\main\AndroidManifest.xml:196:13-49
	android:configChanges
		ADDED from src\main\AndroidManifest.xml:195:13-63
	android:name
		ADDED from src\main\AndroidManifest.xml:194:13-68
activity#com.zxiaofan.yunyi.xzqh.ProcinceActivity
ADDED from src\main\AndroidManifest.xml:197:9-200:52
	android:screenOrientation
		ADDED from src\main\AndroidManifest.xml:200:13-49
	android:configChanges
		ADDED from src\main\AndroidManifest.xml:199:13-63
	android:name
		ADDED from src\main\AndroidManifest.xml:198:13-68
activity#com.zxiaofan.yunyi.activity.TimeSecActivity
ADDED from src\main\AndroidManifest.xml:201:9-204:52
	android:screenOrientation
		ADDED from src\main\AndroidManifest.xml:204:13-49
	android:configChanges
		ADDED from src\main\AndroidManifest.xml:203:13-63
	android:name
		ADDED from src\main\AndroidManifest.xml:202:13-71
activity#com.zxiaofan.yunyi.registered.RegisteredSuccess
ADDED from src\main\AndroidManifest.xml:205:9-208:52
	android:screenOrientation
		ADDED from src\main\AndroidManifest.xml:208:13-49
	android:configChanges
		ADDED from src\main\AndroidManifest.xml:207:13-63
	android:name
		ADDED from src\main\AndroidManifest.xml:206:13-75
activity#com.zxiaofan.yunyi.hospital.DepartmentInformationActivity
ADDED from src\main\AndroidManifest.xml:209:9-212:52
	android:screenOrientation
		ADDED from src\main\AndroidManifest.xml:212:13-49
	android:configChanges
		ADDED from src\main\AndroidManifest.xml:211:13-63
	android:name
		ADDED from src\main\AndroidManifest.xml:210:13-85
activity#com.zxiaofan.yunyi.Search.TFSearchActivity
ADDED from src\main\AndroidManifest.xml:213:9-216:52
	android:screenOrientation
		ADDED from src\main\AndroidManifest.xml:216:13-49
	android:configChanges
		ADDED from src\main\AndroidManifest.xml:215:13-63
	android:name
		ADDED from src\main\AndroidManifest.xml:214:13-70
service#base.PushSmsService
ADDED from src\main\AndroidManifest.xml:218:9-221:52
	android:screenOrientation
		ADDED from src\main\AndroidManifest.xml:221:13-49
	android:configChanges
		ADDED from src\main\AndroidManifest.xml:220:13-63
	android:name
		ADDED from src\main\AndroidManifest.xml:219:13-47
activity#com.zxiaofan.yunyi.record.PatientInfo
ADDED from src\main\AndroidManifest.xml:223:9-226:52
	android:screenOrientation
		ADDED from src\main\AndroidManifest.xml:226:13-49
	android:configChanges
		ADDED from src\main\AndroidManifest.xml:225:13-63
	android:name
		ADDED from src\main\AndroidManifest.xml:224:13-65
activity#com.zxiaofan.yunyi.User.AboutUs
ADDED from src\main\AndroidManifest.xml:227:9-230:52
	android:screenOrientation
		ADDED from src\main\AndroidManifest.xml:230:13-49
	android:configChanges
		ADDED from src\main\AndroidManifest.xml:229:13-63
	android:name
		ADDED from src\main\AndroidManifest.xml:228:13-59
activity#com.zxiaofan.yunyi.hospital.MedicalNaviDetail
ADDED from src\main\AndroidManifest.xml:231:9-234:52
	android:screenOrientation
		ADDED from src\main\AndroidManifest.xml:234:13-49
	android:configChanges
		ADDED from src\main\AndroidManifest.xml:233:13-63
	android:name
		ADDED from src\main\AndroidManifest.xml:232:13-73
activity#com.zxiaofan.yunyi.xzqh.NewProcinceActivity
ADDED from src\main\AndroidManifest.xml:235:9-80
	android:name
		ADDED from src\main\AndroidManifest.xml:235:19-77
activity#com.zxiaofan.yunyi.User.MyCard
ADDED from src\main\AndroidManifest.xml:236:9-239:52
	android:screenOrientation
		ADDED from src\main\AndroidManifest.xml:239:13-49
	android:configChanges
		ADDED from src\main\AndroidManifest.xml:238:13-63
	android:name
		ADDED from src\main\AndroidManifest.xml:237:13-58
activity#com.zxiaofan.yunyi.User.AddHosCard
ADDED from src\main\AndroidManifest.xml:240:9-71
	android:name
		ADDED from src\main\AndroidManifest.xml:240:19-68
activity#com.zxiaofan.yunyi.activity.A_jbzz_toutong
ADDED from src\main\AndroidManifest.xml:241:9-79
	android:name
		ADDED from src\main\AndroidManifest.xml:241:19-76
activity#com.zxiaofan.yunyi.activity.JBZZView
ADDED from src\main\AndroidManifest.xml:242:9-73
	android:name
		ADDED from src\main\AndroidManifest.xml:242:19-70
activity#com.zxiaofan.yunyi.activity.FindHosByDisease
ADDED from src\main\AndroidManifest.xml:243:9-81
	android:name
		ADDED from src\main\AndroidManifest.xml:243:19-78
activity#com.zxiaofan.yunyi.activity.FindDocByDisease
ADDED from src\main\AndroidManifest.xml:244:9-81
	android:name
		ADDED from src\main\AndroidManifest.xml:244:19-78
activity#com.zxiaofan.yunyi.activity.A_jbzz_bisai
ADDED from src\main\AndroidManifest.xml:245:9-77
	android:name
		ADDED from src\main\AndroidManifest.xml:245:19-74
activity#com.zxiaofan.yunyi.activity.A_jbzz_xinji
ADDED from src\main\AndroidManifest.xml:246:9-77
	android:name
		ADDED from src\main\AndroidManifest.xml:246:19-74
activity#com.zxiaofan.yunyi.activity.A_jbzz_gpttnx
ADDED from src\main\AndroidManifest.xml:247:9-78
	android:name
		ADDED from src\main\AndroidManifest.xml:247:19-75
activity#com.zxiaofan.yunyi.activity.A_jbzz_smmct
ADDED from src\main\AndroidManifest.xml:248:9-77
	android:name
		ADDED from src\main\AndroidManifest.xml:248:19-74
activity#com.zxiaofan.yunyi.activity.A_jbzz_zbhgjtt
ADDED from src\main\AndroidManifest.xml:249:9-79
	android:name
		ADDED from src\main\AndroidManifest.xml:249:19-76
activity#com.zxiaofan.yunyi.activity.A_jbzz_kesou
ADDED from src\main\AndroidManifest.xml:250:9-77
	android:name
		ADDED from src\main\AndroidManifest.xml:250:19-74
activity#com.zxiaofan.yunyi.activity.A_jbzz_yaotong
ADDED from src\main\AndroidManifest.xml:251:9-79
	android:name
		ADDED from src\main\AndroidManifest.xml:251:19-76
activity#com.zxiaofan.yunyi.activity.A_jbzz_bianmi
ADDED from src\main\AndroidManifest.xml:252:9-78
	android:name
		ADDED from src\main\AndroidManifest.xml:252:19-75
activity#com.zxiaofan.yunyi.activity.A_jbzz_houlongt
ADDED from src\main\AndroidManifest.xml:253:9-80
	android:name
		ADDED from src\main\AndroidManifest.xml:253:19-77
uses-sdk
INJECTED from src\main\AndroidManifest.xml reason: use-sdk injection requested
MERGED from [com.android.support:appcompat-v7:22.2.1] AndroidManifest.xml:20:5-43
MERGED from [com.android.support:support-v4:22.2.1] AndroidManifest.xml:20:5-43
MERGED from [com.android.support:recyclerview-v7:22.2.1] AndroidManifest.xml:20:5-43
MERGED from [com.android.support:support-v4:22.2.1] AndroidManifest.xml:20:5-43
MERGED from [com.android.support:cardview-v7:22.2.1] AndroidManifest.xml:20:5-43
MERGED from [com.android.support:design:22.2.1] AndroidManifest.xml:20:5-43
MERGED from [com.android.support:appcompat-v7:22.2.1] AndroidManifest.xml:20:5-43
MERGED from [com.android.support:support-v4:22.2.1] AndroidManifest.xml:20:5-43
MERGED from [com.android.support:support-v4:22.2.1] AndroidManifest.xml:20:5-43
MERGED from [com.android.support:support-v4:22.2.1] AndroidManifest.xml:20:5-43
	android:targetSdkVersion
		INJECTED from src\main\AndroidManifest.xml
		INJECTED from src\main\AndroidManifest.xml
	android:minSdkVersion
		INJECTED from src\main\AndroidManifest.xml
		INJECTED from src\main\AndroidManifest.xml